#
# There is insufficient memory for the Java Runtime Environment to continue.
# Native memory allocation (malloc) failed to allocate 252576 bytes for Chunk::new
# Possible reasons:
#   The system is out of physical RAM or swap space
#   The process is running with CompressedOops enabled, and the Java Heap may be blocking the growth of the native heap
# Possible solutions:
#   Reduce memory load on the system
#   Increase physical memory or swap space
#   Check if swap backing store is full
#   Decrease Java heap size (-Xmx/-Xms)
#   Decrease number of Java threads
#   Decrease Java thread stack sizes (-Xss)
#   Set larger code cache with -XX:ReservedCodeCacheSize=
#   JVM is running with Zero Based Compressed Oops mode in which the Java heap is
#     placed in the first 32GB address space. The Java Heap base address is the
#     maximum limit for the native heap growth. Please use -XX:HeapBaseMinAddress
#     to set the Java Heap base and to place the Java Heap above 32GB virtual address.
# This output file may be truncated or incomplete.
#
#  Out of Memory Error (arena.cpp:189), pid=1812, tid=10704
#
# JRE version: Java(TM) SE Runtime Environment (17.0.8+9) (build 17.0.8+9-LTS-211)
# Java VM: Java HotSpot(TM) 64-Bit Server VM (17.0.8+9-LTS-211, mixed mode, sharing, tiered, compressed oops, compressed class ptrs, g1 gc, windows-amd64)
# No core dump will be written. Minidumps are not enabled by default on client versions of Windows
#

---------------  S U M M A R Y ------------

Command Line: -XX:+ShowCodeDetailsInExceptionMessages -agentlib:jdwp=transport=dt_socket,suspend=y,address=localhost:49632 -javaagent:C:\Users\bitcamp\eclipse\jee-2023-06\eclipse\configuration\org.eclipse.osgi\430\0\.cp\lib\javaagent-shaded.jar -Dfile.encoding=UTF-8 bit701.day0904.Ex9_String

Host: Intel(R) Core(TM) i7-9700 CPU @ 3.00GHz, 8 cores, 15G,  Windows 11 , 64 bit Build 22621 (10.0.22621.2070)
Time: Mon Sep  4 15:52:28 2023  Windows 11 , 64 bit Build 22621 (10.0.22621.2070) elapsed time: 0.178758 seconds (0d 0h 0m 0s)

---------------  T H R E A D  ---------------

Current thread (0x000002a77e273c20):  JavaThread "C2 CompilerThread1" daemon [_thread_in_native, id=10704, stack(0x000000ea4ea00000,0x000000ea4eb00000)]


Current CompileTask:
C2:    178  357 %     4       sun.security.provider.SHA2::implCompress0 @ 27 (490 bytes)

Stack: [0x000000ea4ea00000,0x000000ea4eb00000]
Native frames: (J=compiled Java code, j=interpreted, Vv=VM code, C=native code)
V  [jvm.dll+0x677d0a]
V  [jvm.dll+0x7d8c54]
V  [jvm.dll+0x7da3fe]
V  [jvm.dll+0x7daa63]
V  [jvm.dll+0x245c5f]
V  [jvm.dll+0xaaa6b]
V  [jvm.dll+0xab00c]
V  [jvm.dll+0x2ab5cf]
V  [jvm.dll+0x580435]
V  [jvm.dll+0x220b22]
V  [jvm.dll+0x220eff]
V  [jvm.dll+0x219e56]
V  [jvm.dll+0x217329]
V  [jvm.dll+0x1a3af0]
V  [jvm.dll+0x2270be]
V  [jvm.dll+0x22535b]
V  [jvm.dll+0x78e7bc]
V  [jvm.dll+0x788bba]
V  [jvm.dll+0x676b35]
C  [ucrtbase.dll+0x29363]
C  [KERNEL32.DLL+0x126ad]
C  [ntdll.dll+0x5aa68]


---------------  P R O C E S S  ---------------

Threads class SMR info:
_java_thread_list=0x000002a77e303ab0, length=16, elements={
0x000002a7571fab50, 0x000002a77e0018b0, 0x000002a77e002460, 0x000002a77e019bd0,
0x000002a77e01a780, 0x000002a77e01d240, 0x000002a77e01dbf0, 0x000002a77e02b600,
0x000002a77e02d3d0, 0x000002a77e02e0e0, 0x000002a779f02b90, 0x000002a77e2bf3f0,
0x000002a77e2c20a0, 0x000002a77e2c45a0, 0x000002a77e273c20, 0x000002a77e3f7940
}

Java Threads: ( => current thread )
  0x000002a7571fab50 JavaThread "main" [_thread_in_vm, id=15728, stack(0x000000ea4d600000,0x000000ea4d700000)]
  0x000002a77e0018b0 JavaThread "Reference Handler" daemon [_thread_blocked, id=8500, stack(0x000000ea4dd00000,0x000000ea4de00000)]
  0x000002a77e002460 JavaThread "Finalizer" daemon [_thread_blocked, id=12980, stack(0x000000ea4de00000,0x000000ea4df00000)]
  0x000002a77e019bd0 JavaThread "Signal Dispatcher" daemon [_thread_blocked, id=15316, stack(0x000000ea4df00000,0x000000ea4e000000)]
  0x000002a77e01a780 JavaThread "Attach Listener" daemon [_thread_blocked, id=16268, stack(0x000000ea4e000000,0x000000ea4e100000)]
  0x000002a77e01d240 JavaThread "Service Thread" daemon [_thread_blocked, id=6564, stack(0x000000ea4e100000,0x000000ea4e200000)]
  0x000002a77e01dbf0 JavaThread "Monitor Deflation Thread" daemon [_thread_blocked, id=9056, stack(0x000000ea4e200000,0x000000ea4e300000)]
  0x000002a77e02b600 JavaThread "C2 CompilerThread0" daemon [_thread_blocked, id=4884, stack(0x000000ea4e300000,0x000000ea4e400000)]
  0x000002a77e02d3d0 JavaThread "C1 CompilerThread0" daemon [_thread_blocked, id=17452, stack(0x000000ea4e400000,0x000000ea4e500000)]
  0x000002a77e02e0e0 JavaThread "Sweeper thread" daemon [_thread_blocked, id=14772, stack(0x000000ea4e500000,0x000000ea4e600000)]
  0x000002a779f02b90 JavaThread "Common-Cleaner" daemon [_thread_blocked, id=10548, stack(0x000000ea4e600000,0x000000ea4e700000)]
  0x000002a77e2bf3f0 JavaThread "JDWP Transport Listener: dt_socket" daemon [_thread_blocked, id=5812, stack(0x000000ea4e700000,0x000000ea4e800000)]
  0x000002a77e2c20a0 JavaThread "JDWP Event Helper Thread" daemon [_thread_blocked, id=15436, stack(0x000000ea4e800000,0x000000ea4e900000)]
  0x000002a77e2c45a0 JavaThread "JDWP Command Reader" daemon [_thread_in_native, id=13088, stack(0x000000ea4e900000,0x000000ea4ea00000)]
=>0x000002a77e273c20 JavaThread "C2 CompilerThread1" daemon [_thread_in_native, id=10704, stack(0x000000ea4ea00000,0x000000ea4eb00000)]
  0x000002a77e3f7940 JavaThread "Notification Thread" daemon [_thread_blocked, id=11412, stack(0x000000ea4eb00000,0x000000ea4ec00000)]

Other Threads:
  0x000002a779f15550 VMThread "VM Thread" [stack: 0x000000ea4dc00000,0x000000ea4dd00000] [id=12736]
  0x000002a7571fb7d0 WatcherThread [stack: 0x000000ea4ec00000,0x000000ea4ed00000] [id=3116]
  0x000002a757266200 GCTaskThread "GC Thread#0" [stack: 0x000000ea4d700000,0x000000ea4d800000] [id=16496]
  0x000002a7572787d0 ConcurrentGCThread "G1 Main Marker" [stack: 0x000000ea4d800000,0x000000ea4d900000] [id=6344]
  0x000002a7572791e0 ConcurrentGCThread "G1 Conc#0" [stack: 0x000000ea4d900000,0x000000ea4da00000] [id=15516]
  0x000002a779dd0d50 ConcurrentGCThread "G1 Refine#0" [stack: 0x000000ea4da00000,0x000000ea4db00000] [id=1296]
  0x000002a779dd1610 ConcurrentGCThread "G1 Service" [stack: 0x000000ea4db00000,0x000000ea4dc00000] [id=15956]

Threads with active compile tasks:
C2 CompilerThread1      192  357 %     4       sun.security.provider.SHA2::implCompress0 @ 27 (490 bytes)

VM state: not at safepoint (normal execution)

VM Mutex/Monitor currently owned by a thread:  ([mutex/lock_event])
[0x000002a7571e80a0] Metaspace_lock - owner thread: 0x000002a7571fab50

Heap address: 0x0000000702800000, size: 4056 MB, Compressed Oops mode: Zero based, Oop shift amount: 3

CDS archive(s) mapped at: [0x000002a700000000-0x000002a700bd0000-0x000002a700bd0000), size 12386304, SharedBaseAddress: 0x000002a700000000, ArchiveRelocationMode: 1.
Compressed class space mapped at: 0x000002a701000000-0x000002a741000000, reserved size: 1073741824
Narrow klass base: 0x000002a700000000, Narrow klass shift: 0, Narrow klass range: 0x100000000

GC Precious Log:
 CPUs: 8 total, 8 available
 Memory: 16222M
 Large Page Support: Disabled
 NUMA Support: Disabled
 Compressed Oops: Enabled (Zero based)
 Heap Region Size: 2M
 Heap Min Capacity: 8M
 Heap Initial Capacity: 254M
 Heap Max Capacity: 4056M
 Pre-touch: Disabled
 Parallel Workers: 8
 Concurrent Workers: 2
 Concurrent Refinement Workers: 8
 Periodic GC: Disabled

Heap:
 garbage-first heap   total 260096K, used 4096K [0x0000000702800000, 0x0000000800000000)
  region size 2048K, 3 young (6144K), 0 survivors (0K)
 Metaspace       used 2579K, committed 2688K, reserved 1114112K
  class space    used 242K, committed 320K, reserved 1048576K

Heap Regions: E=young(eden), S=young(survivor), O=old, HS=humongous(starts), HC=humongous(continues), CS=collection set, F=free, OA=open archive, CA=closed archive, TAMS=top-at-mark-start (previous, next)
|   0|0x0000000702800000, 0x0000000702800000, 0x0000000702a00000|  0%| F|  |TAMS 0x0000000702800000, 0x0000000702800000| Untracked 
|   1|0x0000000702a00000, 0x0000000702a00000, 0x0000000702c00000|  0%| F|  |TAMS 0x0000000702a00000, 0x0000000702a00000| Untracked 
|   2|0x0000000702c00000, 0x0000000702c00000, 0x0000000702e00000|  0%| F|  |TAMS 0x0000000702c00000, 0x0000000702c00000| Untracked 
|   3|0x0000000702e00000, 0x0000000702e00000, 0x0000000703000000|  0%| F|  |TAMS 0x0000000702e00000, 0x0000000702e00000| Untracked 
|   4|0x0000000703000000, 0x0000000703000000, 0x0000000703200000|  0%| F|  |TAMS 0x0000000703000000, 0x0000000703000000| Untracked 
|   5|0x0000000703200000, 0x0000000703200000, 0x0000000703400000|  0%| F|  |TAMS 0x0000000703200000, 0x0000000703200000| Untracked 
|   6|0x0000000703400000, 0x0000000703400000, 0x0000000703600000|  0%| F|  |TAMS 0x0000000703400000, 0x0000000703400000| Untracked 
|   7|0x0000000703600000, 0x0000000703600000, 0x0000000703800000|  0%| F|  |TAMS 0x0000000703600000, 0x0000000703600000| Untracked 
|   8|0x0000000703800000, 0x0000000703800000, 0x0000000703a00000|  0%| F|  |TAMS 0x0000000703800000, 0x0000000703800000| Untracked 
|   9|0x0000000703a00000, 0x0000000703a00000, 0x0000000703c00000|  0%| F|  |TAMS 0x0000000703a00000, 0x0000000703a00000| Untracked 
|  10|0x0000000703c00000, 0x0000000703c00000, 0x0000000703e00000|  0%| F|  |TAMS 0x0000000703c00000, 0x0000000703c00000| Untracked 
|  11|0x0000000703e00000, 0x0000000703e00000, 0x0000000704000000|  0%| F|  |TAMS 0x0000000703e00000, 0x0000000703e00000| Untracked 
|  12|0x0000000704000000, 0x0000000704000000, 0x0000000704200000|  0%| F|  |TAMS 0x0000000704000000, 0x0000000704000000| Untracked 
|  13|0x0000000704200000, 0x0000000704200000, 0x0000000704400000|  0%| F|  |TAMS 0x0000000704200000, 0x0000000704200000| Untracked 
|  14|0x0000000704400000, 0x0000000704400000, 0x0000000704600000|  0%| F|  |TAMS 0x0000000704400000, 0x0000000704400000| Untracked 
|  15|0x0000000704600000, 0x0000000704600000, 0x0000000704800000|  0%| F|  |TAMS 0x0000000704600000, 0x0000000704600000| Untracked 
|  16|0x0000000704800000, 0x0000000704800000, 0x0000000704a00000|  0%| F|  |TAMS 0x0000000704800000, 0x0000000704800000| Untracked 
|  17|0x0000000704a00000, 0x0000000704a00000, 0x0000000704c00000|  0%| F|  |TAMS 0x0000000704a00000, 0x0000000704a00000| Untracked 
|  18|0x0000000704c00000, 0x0000000704c00000, 0x0000000704e00000|  0%| F|  |TAMS 0x0000000704c00000, 0x0000000704c00000| Untracked 
|  19|0x0000000704e00000, 0x0000000704e00000, 0x0000000705000000|  0%| F|  |TAMS 0x0000000704e00000, 0x0000000704e00000| Untracked 
|  20|0x0000000705000000, 0x0000000705000000, 0x0000000705200000|  0%| F|  |TAMS 0x0000000705000000, 0x0000000705000000| Untracked 
|  21|0x0000000705200000, 0x0000000705200000, 0x0000000705400000|  0%| F|  |TAMS 0x0000000705200000, 0x0000000705200000| Untracked 
|  22|0x0000000705400000, 0x0000000705400000, 0x0000000705600000|  0%| F|  |TAMS 0x0000000705400000, 0x0000000705400000| Untracked 
|  23|0x0000000705600000, 0x0000000705600000, 0x0000000705800000|  0%| F|  |TAMS 0x0000000705600000, 0x0000000705600000| Untracked 
|  24|0x0000000705800000, 0x0000000705800000, 0x0000000705a00000|  0%| F|  |TAMS 0x0000000705800000, 0x0000000705800000| Untracked 
|  25|0x0000000705a00000, 0x0000000705a00000, 0x0000000705c00000|  0%| F|  |TAMS 0x0000000705a00000, 0x0000000705a00000| Untracked 
|  26|0x0000000705c00000, 0x0000000705c00000, 0x0000000705e00000|  0%| F|  |TAMS 0x0000000705c00000, 0x0000000705c00000| Untracked 
|  27|0x0000000705e00000, 0x0000000705e00000, 0x0000000706000000|  0%| F|  |TAMS 0x0000000705e00000, 0x0000000705e00000| Untracked 
|  28|0x0000000706000000, 0x0000000706000000, 0x0000000706200000|  0%| F|  |TAMS 0x0000000706000000, 0x0000000706000000| Untracked 
|  29|0x0000000706200000, 0x0000000706200000, 0x0000000706400000|  0%| F|  |TAMS 0x0000000706200000, 0x0000000706200000| Untracked 
|  30|0x0000000706400000, 0x0000000706400000, 0x0000000706600000|  0%| F|  |TAMS 0x0000000706400000, 0x0000000706400000| Untracked 
|  31|0x0000000706600000, 0x0000000706600000, 0x0000000706800000|  0%| F|  |TAMS 0x0000000706600000, 0x0000000706600000| Untracked 
|  32|0x0000000706800000, 0x0000000706800000, 0x0000000706a00000|  0%| F|  |TAMS 0x0000000706800000, 0x0000000706800000| Untracked 
|  33|0x0000000706a00000, 0x0000000706a00000, 0x0000000706c00000|  0%| F|  |TAMS 0x0000000706a00000, 0x0000000706a00000| Untracked 
|  34|0x0000000706c00000, 0x0000000706c00000, 0x0000000706e00000|  0%| F|  |TAMS 0x0000000706c00000, 0x0000000706c00000| Untracked 
|  35|0x0000000706e00000, 0x0000000706e00000, 0x0000000707000000|  0%| F|  |TAMS 0x0000000706e00000, 0x0000000706e00000| Untracked 
|  36|0x0000000707000000, 0x0000000707000000, 0x0000000707200000|  0%| F|  |TAMS 0x0000000707000000, 0x0000000707000000| Untracked 
|  37|0x0000000707200000, 0x0000000707200000, 0x0000000707400000|  0%| F|  |TAMS 0x0000000707200000, 0x0000000707200000| Untracked 
|  38|0x0000000707400000, 0x0000000707400000, 0x0000000707600000|  0%| F|  |TAMS 0x0000000707400000, 0x0000000707400000| Untracked 
|  39|0x0000000707600000, 0x0000000707600000, 0x0000000707800000|  0%| F|  |TAMS 0x0000000707600000, 0x0000000707600000| Untracked 
|  40|0x0000000707800000, 0x0000000707800000, 0x0000000707a00000|  0%| F|  |TAMS 0x0000000707800000, 0x0000000707800000| Untracked 
|  41|0x0000000707a00000, 0x0000000707a00000, 0x0000000707c00000|  0%| F|  |TAMS 0x0000000707a00000, 0x0000000707a00000| Untracked 
|  42|0x0000000707c00000, 0x0000000707c00000, 0x0000000707e00000|  0%| F|  |TAMS 0x0000000707c00000, 0x0000000707c00000| Untracked 
|  43|0x0000000707e00000, 0x0000000707e00000, 0x0000000708000000|  0%| F|  |TAMS 0x0000000707e00000, 0x0000000707e00000| Untracked 
|  44|0x0000000708000000, 0x0000000708000000, 0x0000000708200000|  0%| F|  |TAMS 0x0000000708000000, 0x0000000708000000| Untracked 
|  45|0x0000000708200000, 0x0000000708200000, 0x0000000708400000|  0%| F|  |TAMS 0x0000000708200000, 0x0000000708200000| Untracked 
|  46|0x0000000708400000, 0x0000000708400000, 0x0000000708600000|  0%| F|  |TAMS 0x0000000708400000, 0x0000000708400000| Untracked 
|  47|0x0000000708600000, 0x0000000708600000, 0x0000000708800000|  0%| F|  |TAMS 0x0000000708600000, 0x0000000708600000| Untracked 
|  48|0x0000000708800000, 0x0000000708800000, 0x0000000708a00000|  0%| F|  |TAMS 0x0000000708800000, 0x0000000708800000| Untracked 
|  49|0x0000000708a00000, 0x0000000708a00000, 0x0000000708c00000|  0%| F|  |TAMS 0x0000000708a00000, 0x0000000708a00000| Untracked 
|  50|0x0000000708c00000, 0x0000000708c00000, 0x0000000708e00000|  0%| F|  |TAMS 0x0000000708c00000, 0x0000000708c00000| Untracked 
|  51|0x0000000708e00000, 0x0000000708e00000, 0x0000000709000000|  0%| F|  |TAMS 0x0000000708e00000, 0x0000000708e00000| Untracked 
|  52|0x0000000709000000, 0x0000000709000000, 0x0000000709200000|  0%| F|  |TAMS 0x0000000709000000, 0x0000000709000000| Untracked 
|  53|0x0000000709200000, 0x0000000709200000, 0x0000000709400000|  0%| F|  |TAMS 0x0000000709200000, 0x0000000709200000| Untracked 
|  54|0x0000000709400000, 0x0000000709400000, 0x0000000709600000|  0%| F|  |TAMS 0x0000000709400000, 0x0000000709400000| Untracked 
|  55|0x0000000709600000, 0x0000000709600000, 0x0000000709800000|  0%| F|  |TAMS 0x0000000709600000, 0x0000000709600000| Untracked 
|  56|0x0000000709800000, 0x0000000709800000, 0x0000000709a00000|  0%| F|  |TAMS 0x0000000709800000, 0x0000000709800000| Untracked 
|  57|0x0000000709a00000, 0x0000000709a00000, 0x0000000709c00000|  0%| F|  |TAMS 0x0000000709a00000, 0x0000000709a00000| Untracked 
|  58|0x0000000709c00000, 0x0000000709c00000, 0x0000000709e00000|  0%| F|  |TAMS 0x0000000709c00000, 0x0000000709c00000| Untracked 
|  59|0x0000000709e00000, 0x0000000709e00000, 0x000000070a000000|  0%| F|  |TAMS 0x0000000709e00000, 0x0000000709e00000| Untracked 
|  60|0x000000070a000000, 0x000000070a000000, 0x000000070a200000|  0%| F|  |TAMS 0x000000070a000000, 0x000000070a000000| Untracked 
|  61|0x000000070a200000, 0x000000070a200000, 0x000000070a400000|  0%| F|  |TAMS 0x000000070a200000, 0x000000070a200000| Untracked 
|  62|0x000000070a400000, 0x000000070a400000, 0x000000070a600000|  0%| F|  |TAMS 0x000000070a400000, 0x000000070a400000| Untracked 
|  63|0x000000070a600000, 0x000000070a600000, 0x000000070a800000|  0%| F|  |TAMS 0x000000070a600000, 0x000000070a600000| Untracked 
|  64|0x000000070a800000, 0x000000070a800000, 0x000000070aa00000|  0%| F|  |TAMS 0x000000070a800000, 0x000000070a800000| Untracked 
|  65|0x000000070aa00000, 0x000000070aa00000, 0x000000070ac00000|  0%| F|  |TAMS 0x000000070aa00000, 0x000000070aa00000| Untracked 
|  66|0x000000070ac00000, 0x000000070ac00000, 0x000000070ae00000|  0%| F|  |TAMS 0x000000070ac00000, 0x000000070ac00000| Untracked 
|  67|0x000000070ae00000, 0x000000070ae00000, 0x000000070b000000|  0%| F|  |TAMS 0x000000070ae00000, 0x000000070ae00000| Untracked 
|  68|0x000000070b000000, 0x000000070b000000, 0x000000070b200000|  0%| F|  |TAMS 0x000000070b000000, 0x000000070b000000| Untracked 
|  69|0x000000070b200000, 0x000000070b200000, 0x000000070b400000|  0%| F|  |TAMS 0x000000070b200000, 0x000000070b200000| Untracked 
|  70|0x000000070b400000, 0x000000070b400000, 0x000000070b600000|  0%| F|  |TAMS 0x000000070b400000, 0x000000070b400000| Untracked 
|  71|0x000000070b600000, 0x000000070b600000, 0x000000070b800000|  0%| F|  |TAMS 0x000000070b600000, 0x000000070b600000| Untracked 
|  72|0x000000070b800000, 0x000000070b800000, 0x000000070ba00000|  0%| F|  |TAMS 0x000000070b800000, 0x000000070b800000| Untracked 
|  73|0x000000070ba00000, 0x000000070ba00000, 0x000000070bc00000|  0%| F|  |TAMS 0x000000070ba00000, 0x000000070ba00000| Untracked 
|  74|0x000000070bc00000, 0x000000070bc00000, 0x000000070be00000|  0%| F|  |TAMS 0x000000070bc00000, 0x000000070bc00000| Untracked 
|  75|0x000000070be00000, 0x000000070be00000, 0x000000070c000000|  0%| F|  |TAMS 0x000000070be00000, 0x000000070be00000| Untracked 
|  76|0x000000070c000000, 0x000000070c000000, 0x000000070c200000|  0%| F|  |TAMS 0x000000070c000000, 0x000000070c000000| Untracked 
|  77|0x000000070c200000, 0x000000070c200000, 0x000000070c400000|  0%| F|  |TAMS 0x000000070c200000, 0x000000070c200000| Untracked 
|  78|0x000000070c400000, 0x000000070c400000, 0x000000070c600000|  0%| F|  |TAMS 0x000000070c400000, 0x000000070c400000| Untracked 
|  79|0x000000070c600000, 0x000000070c600000, 0x000000070c800000|  0%| F|  |TAMS 0x000000070c600000, 0x000000070c600000| Untracked 
|  80|0x000000070c800000, 0x000000070c800000, 0x000000070ca00000|  0%| F|  |TAMS 0x000000070c800000, 0x000000070c800000| Untracked 
|  81|0x000000070ca00000, 0x000000070ca00000, 0x000000070cc00000|  0%| F|  |TAMS 0x000000070ca00000, 0x000000070ca00000| Untracked 
|  82|0x000000070cc00000, 0x000000070cc00000, 0x000000070ce00000|  0%| F|  |TAMS 0x000000070cc00000, 0x000000070cc00000| Untracked 
|  83|0x000000070ce00000, 0x000000070ce00000, 0x000000070d000000|  0%| F|  |TAMS 0x000000070ce00000, 0x000000070ce00000| Untracked 
|  84|0x000000070d000000, 0x000000070d000000, 0x000000070d200000|  0%| F|  |TAMS 0x000000070d000000, 0x000000070d000000| Untracked 
|  85|0x000000070d200000, 0x000000070d200000, 0x000000070d400000|  0%| F|  |TAMS 0x000000070d200000, 0x000000070d200000| Untracked 
|  86|0x000000070d400000, 0x000000070d400000, 0x000000070d600000|  0%| F|  |TAMS 0x000000070d400000, 0x000000070d400000| Untracked 
|  87|0x000000070d600000, 0x000000070d600000, 0x000000070d800000|  0%| F|  |TAMS 0x000000070d600000, 0x000000070d600000| Untracked 
|  88|0x000000070d800000, 0x000000070d800000, 0x000000070da00000|  0%| F|  |TAMS 0x000000070d800000, 0x000000070d800000| Untracked 
|  89|0x000000070da00000, 0x000000070da00000, 0x000000070dc00000|  0%| F|  |TAMS 0x000000070da00000, 0x000000070da00000| Untracked 
|  90|0x000000070dc00000, 0x000000070dc00000, 0x000000070de00000|  0%| F|  |TAMS 0x000000070dc00000, 0x000000070dc00000| Untracked 
|  91|0x000000070de00000, 0x000000070de00000, 0x000000070e000000|  0%| F|  |TAMS 0x000000070de00000, 0x000000070de00000| Untracked 
|  92|0x000000070e000000, 0x000000070e000000, 0x000000070e200000|  0%| F|  |TAMS 0x000000070e000000, 0x000000070e000000| Untracked 
|  93|0x000000070e200000, 0x000000070e200000, 0x000000070e400000|  0%| F|  |TAMS 0x000000070e200000, 0x000000070e200000| Untracked 
|  94|0x000000070e400000, 0x000000070e400000, 0x000000070e600000|  0%| F|  |TAMS 0x000000070e400000, 0x000000070e400000| Untracked 
|  95|0x000000070e600000, 0x000000070e600000, 0x000000070e800000|  0%| F|  |TAMS 0x000000070e600000, 0x000000070e600000| Untracked 
|  96|0x000000070e800000, 0x000000070e800000, 0x000000070ea00000|  0%| F|  |TAMS 0x000000070e800000, 0x000000070e800000| Untracked 
|  97|0x000000070ea00000, 0x000000070ea00000, 0x000000070ec00000|  0%| F|  |TAMS 0x000000070ea00000, 0x000000070ea00000| Untracked 
|  98|0x000000070ec00000, 0x000000070ec00000, 0x000000070ee00000|  0%| F|  |TAMS 0x000000070ec00000, 0x000000070ec00000| Untracked 
|  99|0x000000070ee00000, 0x000000070ee00000, 0x000000070f000000|  0%| F|  |TAMS 0x000000070ee00000, 0x000000070ee00000| Untracked 
| 100|0x000000070f000000, 0x000000070f000000, 0x000000070f200000|  0%| F|  |TAMS 0x000000070f000000, 0x000000070f000000| Untracked 
| 101|0x000000070f200000, 0x000000070f200000, 0x000000070f400000|  0%| F|  |TAMS 0x000000070f200000, 0x000000070f200000| Untracked 
| 102|0x000000070f400000, 0x000000070f400000, 0x000000070f600000|  0%| F|  |TAMS 0x000000070f400000, 0x000000070f400000| Untracked 
| 103|0x000000070f600000, 0x000000070f600000, 0x000000070f800000|  0%| F|  |TAMS 0x000000070f600000, 0x000000070f600000| Untracked 
| 104|0x000000070f800000, 0x000000070f800000, 0x000000070fa00000|  0%| F|  |TAMS 0x000000070f800000, 0x000000070f800000| Untracked 
| 105|0x000000070fa00000, 0x000000070fa00000, 0x000000070fc00000|  0%| F|  |TAMS 0x000000070fa00000, 0x000000070fa00000| Untracked 
| 106|0x000000070fc00000, 0x000000070fc00000, 0x000000070fe00000|  0%| F|  |TAMS 0x000000070fc00000, 0x000000070fc00000| Untracked 
| 107|0x000000070fe00000, 0x000000070fe00000, 0x0000000710000000|  0%| F|  |TAMS 0x000000070fe00000, 0x000000070fe00000| Untracked 
| 108|0x0000000710000000, 0x0000000710000000, 0x0000000710200000|  0%| F|  |TAMS 0x0000000710000000, 0x0000000710000000| Untracked 
| 109|0x0000000710200000, 0x0000000710200000, 0x0000000710400000|  0%| F|  |TAMS 0x0000000710200000, 0x0000000710200000| Untracked 
| 110|0x0000000710400000, 0x0000000710400000, 0x0000000710600000|  0%| F|  |TAMS 0x0000000710400000, 0x0000000710400000| Untracked 
| 111|0x0000000710600000, 0x0000000710600000, 0x0000000710800000|  0%| F|  |TAMS 0x0000000710600000, 0x0000000710600000| Untracked 
| 112|0x0000000710800000, 0x0000000710800000, 0x0000000710a00000|  0%| F|  |TAMS 0x0000000710800000, 0x0000000710800000| Untracked 
| 113|0x0000000710a00000, 0x0000000710a00000, 0x0000000710c00000|  0%| F|  |TAMS 0x0000000710a00000, 0x0000000710a00000| Untracked 
| 114|0x0000000710c00000, 0x0000000710c00000, 0x0000000710e00000|  0%| F|  |TAMS 0x0000000710c00000, 0x0000000710c00000| Untracked 
| 115|0x0000000710e00000, 0x0000000710e00000, 0x0000000711000000|  0%| F|  |TAMS 0x0000000710e00000, 0x0000000710e00000| Untracked 
| 116|0x0000000711000000, 0x0000000711000000, 0x0000000711200000|  0%| F|  |TAMS 0x0000000711000000, 0x0000000711000000| Untracked 
| 117|0x0000000711200000, 0x0000000711200000, 0x0000000711400000|  0%| F|  |TAMS 0x0000000711200000, 0x0000000711200000| Untracked 
| 118|0x0000000711400000, 0x0000000711400000, 0x0000000711600000|  0%| F|  |TAMS 0x0000000711400000, 0x0000000711400000| Untracked 
| 119|0x0000000711600000, 0x0000000711600000, 0x0000000711800000|  0%| F|  |TAMS 0x0000000711600000, 0x0000000711600000| Untracked 
| 120|0x0000000711800000, 0x0000000711800000, 0x0000000711a00000|  0%| F|  |TAMS 0x0000000711800000, 0x0000000711800000| Untracked 
| 121|0x0000000711a00000, 0x0000000711a00000, 0x0000000711c00000|  0%| F|  |TAMS 0x0000000711a00000, 0x0000000711a00000| Untracked 
| 122|0x0000000711c00000, 0x0000000711c00000, 0x0000000711e00000|  0%| F|  |TAMS 0x0000000711c00000, 0x0000000711c00000| Untracked 
| 123|0x0000000711e00000, 0x0000000711e00000, 0x0000000712000000|  0%| F|  |TAMS 0x0000000711e00000, 0x0000000711e00000| Untracked 
| 124|0x0000000712000000, 0x0000000712152710, 0x0000000712200000| 66%| E|  |TAMS 0x0000000712000000, 0x0000000712000000| Complete 
| 125|0x0000000712200000, 0x0000000712400000, 0x0000000712400000|100%| E|CS|TAMS 0x0000000712200000, 0x0000000712200000| Complete 
| 126|0x0000000712400000, 0x0000000712600000, 0x0000000712600000|100%| E|CS|TAMS 0x0000000712400000, 0x0000000712400000| Complete 

Card table byte_map: [0x000002a76e5d0000,0x000002a76edc0000] _byte_map_base: 0x000002a76adbc000

Marking Bits (Prev, Next): (CMBitMap*) 0x000002a757266810, (CMBitMap*) 0x000002a757266850
 Prev Bits: [0x000002a76f5b0000, 0x000002a773510000)
 Next Bits: [0x000002a773510000, 0x000002a777470000)

Polling page: 0x000002a7569d0000

Metaspace:

Usage:
  Non-class:      2.28 MB used.
      Class:    242.84 KB used.
       Both:      2.52 MB used.

Virtual space:
  Non-class space:       64.00 MB reserved,       2.31 MB (  4%) committed,  1 nodes.
      Class space:        1.00 GB reserved,     320.00 KB ( <1%) committed,  1 nodes.
             Both:        1.06 GB reserved,       2.62 MB ( <1%) committed. 

Chunk freelists:
   Non-Class:  11.89 MB
       Class:  15.74 MB
        Both:  27.63 MB

MaxMetaspaceSize: unlimited
CompressedClassSpaceSize: 1.00 GB
Initial GC threshold: 21.00 MB
Current GC threshold: 21.00 MB
CDS: on
MetaspaceReclaimPolicy: balanced
 - commit_granule_bytes: 65536.
 - commit_granule_words: 8192.
 - virtual_space_node_default_size: 8388608.
 - enlarge_chunks_in_place: 1.
 - new_chunks_are_fully_committed: 0.
 - uncommit_free_chunks: 1.
 - use_allocation_guard: 0.
 - handle_deallocations: 1.


Internal statistics:

num_allocs_failed_limit: 0.
num_arena_births: 6.
num_arena_deaths: 0.
num_vsnodes_births: 2.
num_vsnodes_deaths: 0.
num_space_committed: 42.
num_space_uncommitted: 0.
num_chunks_returned_to_freelist: 0.
num_chunks_taken_from_freelist: 15.
num_chunk_merges: 0.
num_chunk_splits: 10.
num_chunks_enlarged: 6.
num_purges: 0.
num_inconsistent_stats: 0.

CodeHeap 'non-profiled nmethods': size=120000Kb used=116Kb max_used=116Kb free=119883Kb
 bounds [0x000002a766570000, 0x000002a7667e0000, 0x000002a76daa0000]
CodeHeap 'profiled nmethods': size=120000Kb used=532Kb max_used=532Kb free=119468Kb
 bounds [0x000002a75eaa0000, 0x000002a75ed10000, 0x000002a765fd0000]
CodeHeap 'non-nmethods': size=5760Kb used=1207Kb max_used=1222Kb free=4552Kb
 bounds [0x000002a765fd0000, 0x000002a766240000, 0x000002a766570000]
 total_blobs=792 nmethods=366 adapters=339
 compilation: enabled
              stopped_count=0, restarted_count=0
 full_count=0

Compilation events (20 events):
Event: 0.171 Thread 0x000002a77e02d3d0 nmethod 352 0x000002a75eb18910 code [0x000002a75eb18ae0, 0x000002a75eb18df8]
Event: 0.171 Thread 0x000002a77e273c20  353       4       jdk.internal.misc.Unsafe::getIntUnaligned (12 bytes)
Event: 0.171 Thread 0x000002a77e02d3d0  354       3       sun.security.provider.ByteArrayAccess::b2iBig64 (231 bytes)
Event: 0.172 Thread 0x000002a77e02b600  355       4       java.lang.invoke.VarHandleGuards::guard_LI_I (78 bytes)
Event: 0.172 Thread 0x000002a77e273c20 nmethod 353 0x000002a76658ac90 code [0x000002a76658ae00, 0x000002a76658aed8]
Event: 0.172 Thread 0x000002a77e273c20  357 %     4       sun.security.provider.SHA2::implCompress0 @ 27 (490 bytes)
Event: 0.176 Thread 0x000002a77e02b600 nmethod 355 0x000002a76658b290 code [0x000002a76658b440, 0x000002a76658b908]
Event: 0.176 Thread 0x000002a77e02b600  356       4       java.lang.invoke.VarHandleByteArrayAsInts$ArrayHandle::get (36 bytes)
Event: 0.177 Thread 0x000002a77e02d3d0 nmethod 354 0x000002a75eb18f90 code [0x000002a75eb19ba0, 0x000002a75eb20878]
Event: 0.177 Thread 0x000002a77e02d3d0  359       3       java.lang.reflect.Modifier::isPublic (12 bytes)
Event: 0.177 Thread 0x000002a77e02d3d0 nmethod 359 0x000002a75eb22b90 code [0x000002a75eb22d20, 0x000002a75eb22e78]
Event: 0.177 Thread 0x000002a77e02d3d0  358       3       java.util.AbstractList::<init> (10 bytes)
Event: 0.177 Thread 0x000002a77e02d3d0 nmethod 358 0x000002a75eb22f10 code [0x000002a75eb230c0, 0x000002a75eb23298]
Event: 0.177 Thread 0x000002a77e02d3d0  361       3       java.util.Arrays::copyOf (40 bytes)
Event: 0.177 Thread 0x000002a77e02d3d0 nmethod 361 0x000002a75eb23390 code [0x000002a75eb23580, 0x000002a75eb23c68]
Event: 0.177 Thread 0x000002a77e02d3d0  362       1       java.util.ArrayList::size (5 bytes)
Event: 0.177 Thread 0x000002a77e02d3d0 nmethod 362 0x000002a76658bd90 code [0x000002a76658bf20, 0x000002a76658bff8]
Event: 0.178 Thread 0x000002a77e02b600 nmethod 356 0x000002a76658c090 code [0x000002a76658c220, 0x000002a76658c398]
Event: 0.178 Thread 0x000002a77e02d3d0  363       3       jdk.internal.misc.Unsafe::allocateUninitializedArray0 (90 bytes)
Event: 0.178 Thread 0x000002a77e02d3d0 nmethod 363 0x000002a75eb23e90 code [0x000002a75eb240a0, 0x000002a75eb24a18]

GC Heap History (0 events):
No events

Deoptimization events (8 events):
Event: 0.117 Thread 0x000002a7571fab50 Uncommon trap: trap_request=0xffffffde fr.pc=0x000002a76657c768 relative=0x0000000000000988
Event: 0.117 Thread 0x000002a7571fab50 Uncommon trap: reason=class_check action=maybe_recompile pc=0x000002a76657c768 method=java.util.HashMap.putVal(ILjava/lang/Object;Ljava/lang/Object;ZZ)Ljava/lang/Object; @ 152 c2
Event: 0.117 Thread 0x000002a7571fab50 DEOPT PACKING pc=0x000002a76657c768 sp=0x000000ea4d6fe760
Event: 0.117 Thread 0x000002a7571fab50 DEOPT UNPACKING pc=0x000002a7660223a3 sp=0x000000ea4d6fe700 mode 2
Event: 0.126 Thread 0x000002a7571fab50 Uncommon trap: trap_request=0xffffff45 fr.pc=0x000002a76657c814 relative=0x0000000000000a34
Event: 0.126 Thread 0x000002a7571fab50 Uncommon trap: reason=unstable_if action=reinterpret pc=0x000002a76657c814 method=java.util.HashMap.putVal(ILjava/lang/Object;Ljava/lang/Object;ZZ)Ljava/lang/Object; @ 181 c2
Event: 0.126 Thread 0x000002a7571fab50 DEOPT PACKING pc=0x000002a76657c814 sp=0x000000ea4d6fe570
Event: 0.126 Thread 0x000002a7571fab50 DEOPT UNPACKING pc=0x000002a7660223a3 sp=0x000000ea4d6fe530 mode 2

Classes unloaded (0 events):
No events

Classes redefined (0 events):
No events

Internal exceptions (0 events):
No events

VM Operations (6 events):
Event: 0.044 Executing VM operation: HandshakeAllThreads
Event: 0.044 Executing VM operation: HandshakeAllThreads done
Event: 0.056 Executing VM operation: ChangeBreakpoints
Event: 0.056 Executing VM operation: ChangeBreakpoints done
Event: 0.095 Executing VM operation: ChangeBreakpoints
Event: 0.096 Executing VM operation: ChangeBreakpoints done

Events (20 events):
Event: 0.173 loading class sun/net/www/URLConnection
Event: 0.173 loading class java/net/URLConnection
Event: 0.175 loading class java/net/URLConnection done
Event: 0.175 loading class sun/net/www/URLConnection done
Event: 0.175 loading class sun/net/www/protocol/jrt/JavaRuntimeURLConnection done
Event: 0.175 loading class sun/net/www/MessageHeader
Event: 0.175 loading class sun/net/www/MessageHeader done
Event: 0.175 loading class sun/net/www/protocol/jrt/JavaRuntimeURLConnection$1
Event: 0.175 loading class sun/net/www/protocol/jrt/JavaRuntimeURLConnection$1 done
Event: 0.175 loading class jdk/internal/jimage/ImageBufferCache
Event: 0.176 loading class jdk/internal/jimage/ImageBufferCache done
Event: 0.176 loading class jdk/internal/jimage/ImageBufferCache$1
Event: 0.176 loading class jdk/internal/jimage/ImageBufferCache$1 done
Event: 0.176 loading class jdk/internal/jimage/ImageBufferCache$2
Event: 0.176 loading class jdk/internal/jimage/ImageBufferCache$2 done
Event: 0.176 loading class java/util/AbstractMap$SimpleEntry
Event: 0.176 loading class java/util/AbstractMap$SimpleEntry done
Event: 0.176 Thread 0x000002a77e3f7940 Thread added: 0x000002a77e3f7940
Event: 0.177 loading class jdk/internal/loader/URLClassPath$FileLoader$1
Event: 0.177 loading class jdk/internal/loader/URLClassPath$FileLoader$1 done


Dynamic libraries:
0x00007ff73be70000 - 0x00007ff73be80000 	C:\Program Files\Java\jdk-17\bin\javaw.exe
0x00007ff858c10000 - 0x00007ff858e24000 	C:\Windows\SYSTEM32\ntdll.dll
0x00007ff858080000 - 0x00007ff858144000 	C:\Windows\System32\KERNEL32.DLL
0x00007ff8562f0000 - 0x00007ff856694000 	C:\Windows\System32\KERNELBASE.dll
0x00007ff8560b0000 - 0x00007ff8561c1000 	C:\Windows\System32\ucrtbase.dll
0x00007ff84b950000 - 0x00007ff84b969000 	C:\Program Files\Java\jdk-17\bin\jli.dll
0x00007ff84b730000 - 0x00007ff84b74b000 	C:\Program Files\Java\jdk-17\bin\VCRUNTIME140.dll
0x00007ff857750000 - 0x00007ff857800000 	C:\Windows\System32\ADVAPI32.dll
0x00007ff8586e0000 - 0x00007ff858787000 	C:\Windows\System32\msvcrt.dll
0x00007ff858630000 - 0x00007ff8586d6000 	C:\Windows\System32\sechost.dll
0x00007ff857630000 - 0x00007ff857747000 	C:\Windows\System32\RPCRT4.dll
0x00007ff858470000 - 0x00007ff85861a000 	C:\Windows\System32\USER32.dll
0x00007ff856880000 - 0x00007ff8568a6000 	C:\Windows\System32\win32u.dll
0x00007ff8583e0000 - 0x00007ff858409000 	C:\Windows\System32\GDI32.dll
0x00007ff83a7d0000 - 0x00007ff83aa5f000 	C:\Windows\WinSxS\amd64_microsoft.windows.common-controls_6595b64144ccf1df_6.0.22621.2070_none_2713e6537381f706\COMCTL32.dll
0x00007ff8568b0000 - 0x00007ff8569c9000 	C:\Windows\System32\gdi32full.dll
0x00007ff8561d0000 - 0x00007ff85626a000 	C:\Windows\System32\msvcp_win.dll
0x00007ff84f1d0000 - 0x00007ff84f1da000 	C:\Windows\SYSTEM32\VERSION.dll
0x00007ff857ec0000 - 0x00007ff857ef1000 	C:\Windows\System32\IMM32.DLL
0x00007ff84b920000 - 0x00007ff84b92c000 	C:\Program Files\Java\jdk-17\bin\vcruntime140_1.dll
0x00007ff833af0000 - 0x00007ff833b7e000 	C:\Program Files\Java\jdk-17\bin\msvcp140.dll
0x00007ff81d7b0000 - 0x00007ff81e38e000 	C:\Program Files\Java\jdk-17\bin\server\jvm.dll
0x00007ff857eb0000 - 0x00007ff857eb8000 	C:\Windows\System32\PSAPI.DLL
0x00007ff8533b0000 - 0x00007ff8533b9000 	C:\Windows\SYSTEM32\WSOCK32.dll
0x00007ff83f1e0000 - 0x00007ff83f214000 	C:\Windows\SYSTEM32\WINMM.dll
0x00007ff858350000 - 0x00007ff8583c1000 	C:\Windows\System32\WS2_32.dll
0x00007ff854fe0000 - 0x00007ff854ff8000 	C:\Windows\SYSTEM32\kernel.appcore.dll
0x00007ff8509b0000 - 0x00007ff8509ba000 	C:\Program Files\Java\jdk-17\bin\jimage.dll
0x00007ff8451f0000 - 0x00007ff84541e000 	C:\Windows\SYSTEM32\DBGHELP.DLL
0x00007ff858790000 - 0x00007ff858b1a000 	C:\Windows\System32\combase.dll
0x00007ff856d30000 - 0x00007ff856e07000 	C:\Windows\System32\OLEAUT32.dll
0x00007ff844ed0000 - 0x00007ff844f02000 	C:\Windows\SYSTEM32\dbgcore.DLL
0x00007ff856270000 - 0x00007ff8562ea000 	C:\Windows\System32\bcryptPrimitives.dll
0x00007ff84a3d0000 - 0x00007ff84a40b000 	C:\Program Files\Java\jdk-17\bin\jdwp.dll
0x00007ff84b720000 - 0x00007ff84b72e000 	C:\Program Files\Java\jdk-17\bin\instrument.dll
0x00007ff84bb80000 - 0x00007ff84bba5000 	C:\Program Files\Java\jdk-17\bin\java.dll
0x00007ff84a2c0000 - 0x00007ff84a397000 	C:\Program Files\Java\jdk-17\bin\jsvml.dll
0x00007ff856e10000 - 0x00007ff857626000 	C:\Windows\System32\SHELL32.dll
0x00007ff853fc0000 - 0x00007ff8548aa000 	C:\Windows\SYSTEM32\windows.storage.dll
0x00007ff853e80000 - 0x00007ff853fbe000 	C:\Windows\SYSTEM32\wintypes.dll
0x00007ff857f80000 - 0x00007ff858073000 	C:\Windows\System32\SHCORE.dll
0x00007ff858410000 - 0x00007ff85846e000 	C:\Windows\System32\shlwapi.dll
0x00007ff855f20000 - 0x00007ff855f46000 	C:\Windows\SYSTEM32\profapi.dll
0x00007ff84b3f0000 - 0x00007ff84b3fc000 	C:\Program Files\Java\jdk-17\bin\dt_socket.dll
0x00007ff854b10000 - 0x00007ff854b3d000 	C:\Windows\SYSTEM32\IPHLPAPI.DLL
0x00007ff8554b0000 - 0x00007ff855519000 	C:\Windows\system32\mswsock.dll
0x00007ff854b80000 - 0x00007ff854c73000 	C:\Windows\SYSTEM32\DNSAPI.dll
0x00007ff857ea0000 - 0x00007ff857ea9000 	C:\Windows\System32\NSI.dll
0x00007ff84a6a0000 - 0x00007ff84a6aa000 	C:\Windows\System32\rasadhlp.dll
0x00007ff84e9a0000 - 0x00007ff84ea24000 	C:\Windows\System32\fwpuclnt.dll
0x00007ff84bb60000 - 0x00007ff84bb78000 	C:\Program Files\Java\jdk-17\bin\zip.dll
0x00007ff850990000 - 0x00007ff8509a9000 	C:\Program Files\Java\jdk-17\bin\net.dll
0x00007ff84fc20000 - 0x00007ff84fd57000 	C:\Windows\SYSTEM32\WINHTTP.dll
0x00007ff84ea30000 - 0x00007ff84ea46000 	C:\Program Files\Java\jdk-17\bin\nio.dll
0x00007ff850940000 - 0x00007ff850950000 	C:\Program Files\Java\jdk-17\bin\verify.dll

dbghelp: loaded successfully - version: 4.0.5 - missing functions: none
symbol engine: initialized successfully - sym options: 0x614 - pdb path: .;C:\Program Files\Java\jdk-17\bin;C:\Windows\SYSTEM32;C:\Windows\WinSxS\amd64_microsoft.windows.common-controls_6595b64144ccf1df_6.0.22621.2070_none_2713e6537381f706;C:\Program Files\Java\jdk-17\bin\server

VM Arguments:
jvm_args: -XX:+ShowCodeDetailsInExceptionMessages -agentlib:jdwp=transport=dt_socket,suspend=y,address=localhost:49632 -javaagent:C:\Users\bitcamp\eclipse\jee-2023-06\eclipse\configuration\org.eclipse.osgi\430\0\.cp\lib\javaagent-shaded.jar -Dfile.encoding=UTF-8 
java_command: bit701.day0904.Ex9_String
java_class_path (initial): D:\naver0829\workstudy\javawork\NaverJavaProject\bin
Launcher Type: SUN_STANDARD

[Global flags]
     intx CICompilerCount                          = 4                                         {product} {ergonomic}
     uint ConcGCThreads                            = 2                                         {product} {ergonomic}
     uint G1ConcRefinementThreads                  = 8                                         {product} {ergonomic}
   size_t G1HeapRegionSize                         = 2097152                                   {product} {ergonomic}
    uintx GCDrainStackTargetSize                   = 64                                        {product} {ergonomic}
   size_t InitialHeapSize                          = 266338304                                 {product} {ergonomic}
   size_t MarkStackSize                            = 4194304                                   {product} {ergonomic}
   size_t MaxHeapSize                              = 4253024256                                {product} {ergonomic}
   size_t MaxNewSize                               = 2550136832                                {product} {ergonomic}
   size_t MinHeapDeltaBytes                        = 2097152                                   {product} {ergonomic}
   size_t MinHeapSize                              = 8388608                                   {product} {ergonomic}
    uintx NonNMethodCodeHeapSize                   = 5839372                                {pd product} {ergonomic}
    uintx NonProfiledCodeHeapSize                  = 122909434                              {pd product} {ergonomic}
    uintx ProfiledCodeHeapSize                     = 122909434                              {pd product} {ergonomic}
    uintx ReservedCodeCacheSize                    = 251658240                              {pd product} {ergonomic}
     bool SegmentedCodeCache                       = true                                      {product} {ergonomic}
     bool ShowCodeDetailsInExceptionMessages       = true                                   {manageable} {command line}
   size_t SoftMaxHeapSize                          = 4253024256                             {manageable} {ergonomic}
     bool UseCompressedClassPointers               = true                           {product lp64_product} {ergonomic}
     bool UseCompressedOops                        = true                           {product lp64_product} {ergonomic}
     bool UseG1GC                                  = true                                      {product} {ergonomic}
     bool UseLargePagesIndividualAllocation        = false                                  {pd product} {ergonomic}

Logging:
Log output configuration:
 #0: stdout all=warning uptime,level,tags
 #1: stderr all=off uptime,level,tags

Environment Variables:
JAVA_HOME=C:\Program Files\Java\jdk-17
PATH=C:/Program Files/Java/jdk-17/bin/server;C:/Program Files/Java/jdk-17/bin;C:\Program Files\Common Files\Oracle\Java\javapath;C:\Windows\system32;C:\Windows;C:\Windows\System32\Wbem;C:\Windows\System32\WindowsPowerShell\v1.0\;C:\Windows\System32\OpenSSH\;%JAVA_HOME%\bin;C:\Program Files\Git\cmd;C:\Users\bitcamp\AppData\Local\Microsoft\WindowsApps;;C:\Users\bitcamp\AppData\Local\Programs\Microsoft VS Code\bin;C:\Windows\System32;
USERNAME=bitcamp
OS=Windows_NT
PROCESSOR_IDENTIFIER=Intel64 Family 6 Model 158 Stepping 13, GenuineIntel



---------------  S Y S T E M  ---------------

OS:
 Windows 11 , 64 bit Build 22621 (10.0.22621.2070)
OS uptime: 18 days 20:16 hours

CPU: total 8 (initial active 8) (8 cores per cpu, 1 threads per core) family 6 model 158 stepping 13 microcode 0xec, cx8, cmov, fxsr, mmx, 3dnowpref, sse, sse2, sse3, ssse3, sse4.1, sse4.2, popcnt, lzcnt, tsc, tscinvbit, avx, avx2, aes, erms, clmul, bmi1, bmi2, adx, fma, vzeroupper, clflush, clflushopt

Memory: 4k page, system-wide physical 16222M (3652M free)
TotalPageFile size 46624M (AvailPageFile size 5M)
current process WorkingSet (physical memory assigned to process): 50M, peak: 50M
current process commit charge ("private bytes"): 350M, peak: 350M

vm_info: Java HotSpot(TM) 64-Bit Server VM (17.0.8+9-LTS-211) for windows-amd64 JRE (17.0.8+9-LTS-211), built on Jun 14 2023 10:34:31 by "mach5one" with MS VC++ 17.1 (VS2022)

END.
